<?xml version="1.0" encoding="UTF-8"?>
<!-- Generated by org.testng.reporters.JUnitReportReporter -->
<testsuite skipped="0" hostname="DESKTOP-1K4B853" name="testNGPack.Demo" tests="1" failures="0" timestamp="2022-08-20T16:32:54 IST" time="0.028" errors="0">
  <testcase name="suraj" time="0.028" classname="testNGPack.Demo"/>
  <system-out>
    <![CDATA[hello i am from latur]]>
  </system-out>
</testsuite> <!-- testNGPack.Demo -->
